<?xml version="1.0" encoding="UTF-8"?>
<!-- Generated by org.testng.reporters.JUnitReportReporter -->
<testsuite hostname="U1-HXYN1T3-L" failures="0" tests="1" name="api.test.CreateUserValidations" time="2.157" errors="0" timestamp="2024-09-30T11:57:44 EDT" skipped="0">
  <testcase classname="api.test.CreateUserValidations" name="testPostUser" time="2.157"/>
</testsuite> <!-- api.test.CreateUserValidations -->
