<?xml version="1.0" encoding="UTF-8"?>
<!-- Generated by org.testng.reporters.JUnitReportReporter -->
<testsuite hostname="U1-HXYN1T3-L" failures="0" tests="2" name="api.test.PetTests" time="3.626" errors="0" timestamp="2024-10-01T21:34:59 EDT" skipped="0">
  <testcase classname="api.test.PetTests" name="testPostPet" time="3.332"/>
  <testcase classname="api.test.PetTests" name="testGetPetById" time="0.294"/>
</testsuite> <!-- api.test.PetTests -->
