<?xml version="1.0" encoding="UTF-8"?>
<!-- Generated by org.testng.reporters.JUnitReportReporter -->
<testsuite hostname="U1-HXYN1T3-L" failures="0" tests="4" name="api.test.UserTests" time="3.922" errors="0" timestamp="2024-10-01T21:18:59 EDT" skipped="0">
  <testcase classname="api.test.UserTests" name="testPostUser" time="3.160"/>
  <testcase classname="api.test.UserTests" name="testGetUserByName" time="0.291"/>
  <testcase classname="api.test.UserTests" name="updateUserByName" time="0.229"/>
  <testcase classname="api.test.UserTests" name="deleteUserByName" time="0.242"/>
</testsuite> <!-- api.test.UserTests -->
