<?xml version="1.0" encoding="UTF-8"?>
<!-- Generated by org.testng.reporters.JUnitReportReporter -->
<testsuite hostname="U1-HXYN1T3-L" failures="0" tests="1" name="api.test.CreateUserValidationStatus" time="2.978" errors="0" timestamp="2024-09-30T14:38:38 EDT" skipped="0">
  <testcase classname="api.test.CreateUserValidationStatus" name="setup" time="2.978"/>
</testsuite> <!-- api.test.CreateUserValidationStatus -->
